Added Component: Designator=CN1(RJ45_Connector)
Add component (AddParameter): Name = "Arrow Part Number"; Value = ""; VariantName = "[No Variations]"
Add component (AddParameter): Name = "Arrow Price/Stock"; Value = ""; VariantName = "[No Variations]"
Add component (AddParameter): Name = "Datasheet Link"; Value = "https://catalog.weidmueller.com/catalog/Start.do?localeId=en&ObjectID=2562910000"; VariantName = "[No Variations]"
Add component (AddParameter): Name = "Height"; Value = "13.76mm"; VariantName = "[No Variations]"
Add component (AddParameter): Name = "Manufacturer_Name"; Value = "Weidmuller"; VariantName = "[No Variations]"
Add component (AddParameter): Name = "Manufacturer_Part_Number"; Value = "2562910000"; VariantName = "[No Variations]"
Add component (AddParameter): Name = "Mouser Part Number"; Value = "470-2562910000"; VariantName = "[No Variations]"
Add component (AddParameter): Name = "Mouser Price/Stock"; Value = "https://www.mouser.co.uk/ProductDetail/Weidmuller/2562910000?qs=w%2Fv1CP2dgqr4xNEXLArdDQ%3D%3D"; VariantName = "[No Variations]"
Added Component: Designator=CN2(6 pin header)
Add component (AddParameter): Name = "Arrow Part Number"; Value = "78511-406"; VariantName = "[No Variations]"
Add component (AddParameter): Name = "Arrow Price/Stock"; Value = "https://www.arrow.com/en/products/78511-406/amphenol-fci"; VariantName = "[No Variations]"
Add component (AddParameter): Name = "Datasheet Link"; Value = "https://cdn.amphenol-cs.com/media/wysiwyg/files/drawing/68000.pdf"; VariantName = "[No Variations]"
Add component (AddParameter): Name = "Height"; Value = "10.62mm"; VariantName = "[No Variations]"
Add component (AddParameter): Name = "Manufacturer_Name"; Value = "Amphenol Communication Solutions"; VariantName = "[No Variations]"
Add component (AddParameter): Name = "Manufacturer_Part_Number"; Value = "78511-406"; VariantName = "[No Variations]"
Add component (AddParameter): Name = "Mouser Part Number"; Value = "649-78511-406"; VariantName = "[No Variations]"
Add component (AddParameter): Name = "Mouser Price/Stock"; Value = "https://www.mouser.co.uk/ProductDetail/Amphenol-FCI/78511-406?qs=44C8ns5dLY9MkbPan6dMVA%3D%3D"; VariantName = "[No Variations]"
Add component (AddParameter): Name = "Mouser Testing Part Number"; Value = ""; VariantName = "[No Variations]"
Add component (AddParameter): Name = "Mouser Testing Price/Stock"; Value = ""; VariantName = "[No Variations]"
Added Component: Designator=CN3(RJ45_Connector)
Add component (AddParameter): Name = "Arrow Part Number"; Value = ""; VariantName = "[No Variations]"
Add component (AddParameter): Name = "Arrow Price/Stock"; Value = ""; VariantName = "[No Variations]"
Add component (AddParameter): Name = "Datasheet Link"; Value = "https://catalog.weidmueller.com/catalog/Start.do?localeId=en&ObjectID=2562910000"; VariantName = "[No Variations]"
Add component (AddParameter): Name = "Height"; Value = "13.76mm"; VariantName = "[No Variations]"
Add component (AddParameter): Name = "Manufacturer_Name"; Value = "Weidmuller"; VariantName = "[No Variations]"
Add component (AddParameter): Name = "Manufacturer_Part_Number"; Value = "2562910000"; VariantName = "[No Variations]"
Add component (AddParameter): Name = "Mouser Part Number"; Value = "470-2562910000"; VariantName = "[No Variations]"
Add component (AddParameter): Name = "Mouser Price/Stock"; Value = "https://www.mouser.co.uk/ProductDetail/Weidmuller/2562910000?qs=w%2Fv1CP2dgqr4xNEXLArdDQ%3D%3D"; VariantName = "[No Variations]"
Added Component: Designator=CN4(6 pin header)
Add component (AddParameter): Name = "Arrow Part Number"; Value = "78511-406"; VariantName = "[No Variations]"
Add component (AddParameter): Name = "Arrow Price/Stock"; Value = "https://www.arrow.com/en/products/78511-406/amphenol-fci"; VariantName = "[No Variations]"
Add component (AddParameter): Name = "Datasheet Link"; Value = "https://cdn.amphenol-cs.com/media/wysiwyg/files/drawing/68000.pdf"; VariantName = "[No Variations]"
Add component (AddParameter): Name = "Height"; Value = "10.62mm"; VariantName = "[No Variations]"
Add component (AddParameter): Name = "Manufacturer_Name"; Value = "Amphenol Communication Solutions"; VariantName = "[No Variations]"
Add component (AddParameter): Name = "Manufacturer_Part_Number"; Value = "78511-406"; VariantName = "[No Variations]"
Add component (AddParameter): Name = "Mouser Part Number"; Value = "649-78511-406"; VariantName = "[No Variations]"
Add component (AddParameter): Name = "Mouser Price/Stock"; Value = "https://www.mouser.co.uk/ProductDetail/Amphenol-FCI/78511-406?qs=44C8ns5dLY9MkbPan6dMVA%3D%3D"; VariantName = "[No Variations]"
Add component (AddParameter): Name = "Mouser Testing Part Number"; Value = ""; VariantName = "[No Variations]"
Add component (AddParameter): Name = "Mouser Testing Price/Stock"; Value = ""; VariantName = "[No Variations]"
Added Pin To Net: NetName=VCC Pin=CN1-1
Added Pin To Net: NetName=GND Pin=CN1-3
Added Pin To Net: NetName=GND Pin=CN1-5
Added Pin To Net: NetName=GND Pin=CN2-2
Added Pin To Net: NetName=VCC Pin=CN2-6
Added Pin To Net: NetName=VCC Pin=CN3-1
Added Pin To Net: NetName=GND Pin=CN3-3
Added Pin To Net: NetName=GND Pin=CN3-5
Added Pin To Net: NetName=GND Pin=CN4-2
Added Pin To Net: NetName=VCC Pin=CN4-6
Added Pin To Net: NetName=NetCN1_2 Pin=CN1-2
Added Pin To Net: NetName=NetCN1_2 Pin=CN2-1
Added Pin To Net: NetName=NetCN1_2 Pin=IC2-3
Added Net: Name=NetCN1_2
Added Pin To Net: NetName=NetCN1_4 Pin=CN1-4
Added Pin To Net: NetName=NetCN1_4 Pin=CN2-3
Added Pin To Net: NetName=NetCN1_4 Pin=CN3-4
Added Pin To Net: NetName=NetCN1_4 Pin=CN4-3
Added Pin To Net: NetName=NetCN1_4 Pin=IC1-10
Added Pin To Net: NetName=NetCN1_4 Pin=IC2-10
Added Net: Name=NetCN1_4
Added Pin To Net: NetName=NetCN1_6 Pin=CN1-6
Added Pin To Net: NetName=NetCN1_6 Pin=CN2-4
Added Pin To Net: NetName=NetCN1_6 Pin=CN3-6
Added Pin To Net: NetName=NetCN1_6 Pin=CN4-4
Added Pin To Net: NetName=NetCN1_6 Pin=IC1-9
Added Pin To Net: NetName=NetCN1_6 Pin=IC2-9
Added Net: Name=NetCN1_6
Added Pin To Net: NetName=NetCN1_7 Pin=CN1-7
Added Pin To Net: NetName=NetCN1_7 Pin=CN2-5
Added Pin To Net: NetName=NetCN1_7 Pin=CN3-7
Added Pin To Net: NetName=NetCN1_7 Pin=CN4-5
Added Net: Name=NetCN1_7
Added Pin To Net: NetName=NetCN1_8 Pin=CN1-8
Added Pin To Net: NetName=NetCN1_8 Pin=CN3-8
Added Net: Name=NetCN1_8
Added Pin To Net: NetName=NetCN3_2 Pin=CN3-2
Added Pin To Net: NetName=NetCN3_2 Pin=CN4-1
Added Pin To Net: NetName=NetCN3_2 Pin=IC1-11
Added Net: Name=NetCN3_2
Added Class: Name=Databus
Added Room: Name=Databus
Added Room: Name=Shiftregister
